<?xml version="1.0" encoding="UTF-8"?>
<!-- Generated by org.testng.reporters.JUnitXMLReporter -->
<testsuite hostname="DESKTOP-58P6EJL" name="Hub Spot Functional Regression Test" tests="7" failures="0" timestamp="25 May 2020 09:32:14 GMT" time="37.265" errors="0">
  <testcase name="@BeforeMethod setUp" time="0.0" classname="com.qa.hubspot.tests.LoginPageTest">
    <failure type="org.testng.TestNGException" message="
Parameter &amp;apos;browser&amp;apos; is required by @Configuration on method setUp but has not been marked @Optional or defined
in C:\Users\seana\New Workspace\1AseleniumNewProjectApril20Pract\src\test\resources\testrunners\testng_regression.xml">
      <![CDATA[org.testng.TestNGException: 
Parameter 'browser' is required by @Configuration on method setUp but has not been marked @Optional or defined
in C:\Users\seana\New Workspace\1AseleniumNewProjectApril20Pract\src\test\resources\testrunners\testng_regression.xml
... Removed 24 stack frames]]>
    </failure>
  </testcase> <!-- @BeforeMethod setUp -->
  <testcase name="@AfterMethod teardown" time="0.0" classname="com.qa.hubspot.tests.LoginPageTest">
    <failure type="java.lang.NullPointerException">
      <![CDATA[java.lang.NullPointerException
	at com.qa.hubspot.tests.LoginPageTest.teardown(LoginPageTest.java:124)
... Removed 27 stack frames]]>
    </failure>
  </testcase> <!-- @AfterMethod teardown -->
  <testcase name="@BeforeMethod setUp" time="0.0" classname="com.qa.hubspot.tests.LoginPageTest">
    <failure type="org.testng.TestNGException" message="
Parameter &amp;apos;browser&amp;apos; is required by @Configuration on method setUp but has not been marked @Optional or defined
in C:\Users\seana\New Workspace\1AseleniumNewProjectApril20Pract\src\test\resources\testrunners\testng_regression.xml">
      <![CDATA[org.testng.TestNGException: 
Parameter 'browser' is required by @Configuration on method setUp but has not been marked @Optional or defined
in C:\Users\seana\New Workspace\1AseleniumNewProjectApril20Pract\src\test\resources\testrunners\testng_regression.xml
... Removed 24 stack frames]]>
    </failure>
  </testcase> <!-- @BeforeMethod setUp -->
  <testcase name="@AfterMethod teardown" time="0.0" classname="com.qa.hubspot.tests.LoginPageTest">
    <failure type="java.lang.NullPointerException">
      <![CDATA[java.lang.NullPointerException
	at com.qa.hubspot.tests.LoginPageTest.teardown(LoginPageTest.java:124)
... Removed 27 stack frames]]>
    </failure>
  </testcase> <!-- @AfterMethod teardown -->
  <testcase name="@BeforeMethod setUp" time="0.0" classname="com.qa.hubspot.tests.LoginPageTest">
    <failure type="org.testng.TestNGException" message="
Parameter &amp;apos;browser&amp;apos; is required by @Configuration on method setUp but has not been marked @Optional or defined
in C:\Users\seana\New Workspace\1AseleniumNewProjectApril20Pract\src\test\resources\testrunners\testng_regression.xml">
      <![CDATA[org.testng.TestNGException: 
Parameter 'browser' is required by @Configuration on method setUp but has not been marked @Optional or defined
in C:\Users\seana\New Workspace\1AseleniumNewProjectApril20Pract\src\test\resources\testrunners\testng_regression.xml
... Removed 24 stack frames]]>
    </failure>
  </testcase> <!-- @BeforeMethod setUp -->
  <testcase name="@AfterMethod teardown" time="0.0" classname="com.qa.hubspot.tests.LoginPageTest">
    <failure type="java.lang.NullPointerException">
      <![CDATA[java.lang.NullPointerException
	at com.qa.hubspot.tests.LoginPageTest.teardown(LoginPageTest.java:124)
... Removed 27 stack frames]]>
    </failure>
  </testcase> <!-- @AfterMethod teardown -->
  <testcase name="verifyLoginPageTitle_test" time="0.052" classname="com.qa.hubspot.tests.LoginPageTest">
    <skipped/>
  </testcase> <!-- verifyLoginPageTitle_test -->
  <testcase name="checkSignuplink_Test" time="0.012" classname="com.qa.hubspot.tests.LoginPageTest">
    <skipped/>
  </testcase> <!-- checkSignuplink_Test -->
  <testcase name="doLogin_Test" time="0.012" classname="com.qa.hubspot.tests.LoginPageTest">
    <skipped/>
  </testcase> <!-- doLogin_Test -->
  <testcase name="homePageTitleTest" time="1.192" classname="com.qa.hubspot.tests.HomePageTest"/>
  <testcase name="verifyHeader_Test" time="3.338" classname="com.qa.hubspot.tests.HomePageTest"/>
  <testcase name="checkCreatDashbtn_Test" time="1.149" classname="com.qa.hubspot.tests.HomePageTest"/>
  <testcase name="goToContactpage_test" time="7.144" classname="com.qa.hubspot.tests.HomePageTest"/>
</testsuite> <!-- Hub Spot Functional Regression Test -->
