<html>
<head>
<title>TestNG:  Hub Spot Functional Regression Test - chrome</title>
<link href="../testng.css" rel="stylesheet" type="text/css" />
<link href="../my-testng.css" rel="stylesheet" type="text/css" />

<style type="text/css">
.log { display: none;} 
.stack-trace { display: none;} 
</style>
<script type="text/javascript">
<!--
function flip(e) {
  current = e.style.display;
  if (current == 'block') {
    e.style.display = 'none';
    return 0;
  }
  else {
    e.style.display = 'block';
    return 1;
  }
}

function toggleBox(szDivId, elem, msg1, msg2)
{
  var res = -1;  if (document.getElementById) {
    res = flip(document.getElementById(szDivId));
  }
  else if (document.all) {
    // this is the way old msie versions work
    res = flip(document.all[szDivId]);
  }
  if(elem) {
    if(res == 0) elem.innerHTML = msg1; else elem.innerHTML = msg2;
  }

}

function toggleAllBoxes() {
  if (document.getElementsByTagName) {
    d = document.getElementsByTagName('div');
    for (i = 0; i < d.length; i++) {
      if (d[i].className == 'log') {
        flip(d[i]);
      }
    }
  }
}

// -->
</script>

</head>
<body>
<h2 align='center'>Hub Spot Functional Regression Test - chrome</h2><table border='1' align="center">
<tr>
<td>Tests passed/Failed/Skipped:</td><td>5/1/0</td>
</tr><tr>
<td>Started on:</td><td>Mon May 25 01:47:45 CEST 2020</td>
</tr>
<tr><td>Total time:</td><td>100 seconds (100161 ms)</td>
</tr><tr>
<td>Included groups:</td><td></td>
</tr><tr>
<td>Excluded groups:</td><td></td>
</tr>
</table><p/>
<small><i>(Hover the method name to see the test class name)</i></small><p/>
<table width='100%' border='1' class='invocation-failed'>
<tr><td colspan='4' align='center'><b>FAILED TESTS</b></td></tr>
<tr><td><b>Test method</b></td>
<td width="30%"><b>Exception</b></td>
<td width="10%"><b>Time (seconds)</b></td>
<td><b>Instance</b></td>
</tr>
<tr>
<td title='com.qa.hubspot.tests.HomePageTest.verifyHeader_Test()'><b>verifyHeader_Test</b><br>Test class: com.qa.hubspot.tests.HomePageTest</td>
<td><div><pre>java.lang.AssertionError: expected [Marketing Dashboard] but found [Sales Dashboard]
	at com.qa.hubspot.tests.HomePageTest.verifyHeader_Test(HomePageTest.java:76)
	at java.util.concurrent.ThreadPoolExecutor.runWorker(ThreadPoolExecutor.java:1149)
	at java.util.concurrent.ThreadPoolExecutor$Worker.run(ThreadPoolExecutor.java:624)
	at java.lang.Thread.run(Thread.java:748)
... Removed 16 stack frames</pre></div><a href='#' onClick='toggleBox("stack-trace819328295", this, "Click to show all stack frames", "Click to hide stack frames")'>Click to show all stack frames</a>
<div class='stack-trace' id='stack-trace819328295'><pre>java.lang.AssertionError: expected [Marketing Dashboard] but found [Sales Dashboard]
	at org.testng.Assert.fail(Assert.java:94)
	at org.testng.Assert.failNotEquals(Assert.java:513)
	at org.testng.Assert.assertEqualsImpl(Assert.java:135)
	at org.testng.Assert.assertEquals(Assert.java:116)
	at org.testng.Assert.assertEquals(Assert.java:190)
	at org.testng.Assert.assertEquals(Assert.java:200)
	at com.qa.hubspot.tests.HomePageTest.verifyHeader_Test(HomePageTest.java:76)
	at sun.reflect.NativeMethodAccessorImpl.invoke0(Native Method)
	at sun.reflect.NativeMethodAccessorImpl.invoke(NativeMethodAccessorImpl.java:62)
	at sun.reflect.DelegatingMethodAccessorImpl.invoke(DelegatingMethodAccessorImpl.java:43)
	at java.lang.reflect.Method.invoke(Method.java:498)
	at org.testng.internal.MethodInvocationHelper.invokeMethod(MethodInvocationHelper.java:100)
	at org.testng.internal.Invoker.invokeMethod(Invoker.java:646)
	at org.testng.internal.Invoker.invokeTestMethod(Invoker.java:811)
	at org.testng.internal.Invoker.invokeTestMethods(Invoker.java:1129)
	at org.testng.internal.TestMethodWorker.invokeTestMethods(TestMethodWorker.java:129)
	at org.testng.internal.TestMethodWorker.run(TestMethodWorker.java:112)
	at java.util.concurrent.ThreadPoolExecutor.runWorker(ThreadPoolExecutor.java:1149)
	at java.util.concurrent.ThreadPoolExecutor$Worker.run(ThreadPoolExecutor.java:624)
	at java.lang.Thread.run(Thread.java:748)
</pre></div></td>
<td>7</td>
<td>com.qa.hubspot.tests.HomePageTest@6de54b40</td></tr>
</table><p>
<table width='100%' border='1' class='invocation-passed'>
<tr><td colspan='4' align='center'><b>PASSED TESTS</b></td></tr>
<tr><td><b>Test method</b></td>
<td width="30%"><b>Exception</b></td>
<td width="10%"><b>Time (seconds)</b></td>
<td><b>Instance</b></td>
</tr>
<tr>
<td title='com.qa.hubspot.tests.HomePageTest.checkCreatDashbtn_Test()'><b>checkCreatDashbtn_Test</b><br>Test class: com.qa.hubspot.tests.HomePageTest</td>
<td></td>
<td>4</td>
<td>com.qa.hubspot.tests.HomePageTest@6de54b40</td></tr>
<tr>
<td title='com.qa.hubspot.tests.LoginPageTest.doLogin_Test()'><b>doLogin_Test</b><br>Test class: com.qa.hubspot.tests.LoginPageTest<br>Test method: login test with correct username and correct password...</td>
<td></td>
<td>26</td>
<td>com.qa.hubspot.tests.LoginPageTest@43ed0ff3</td></tr>
<tr>
<td title='com.qa.hubspot.tests.HomePageTest.goToContactpage_test()'><b>goToContactpage_test</b><br>Test class: com.qa.hubspot.tests.HomePageTest</td>
<td></td>
<td>13</td>
<td>com.qa.hubspot.tests.HomePageTest@6de54b40</td></tr>
<tr>
<td title='com.qa.hubspot.tests.HomePageTest.homePageTitleTest()'><b>homePageTitleTest</b><br>Test class: com.qa.hubspot.tests.HomePageTest</td>
<td></td>
<td>0</td>
<td>com.qa.hubspot.tests.HomePageTest@6de54b40</td></tr>
<tr>
<td title='com.qa.hubspot.tests.LoginPageTest.verifyLoginPageTitle_test()'><b>verifyLoginPageTitle_test</b><br>Test class: com.qa.hubspot.tests.LoginPageTest<br>Test method: verify LoginPageTitle_test </td>
<td></td>
<td>17</td>
<td>com.qa.hubspot.tests.LoginPageTest@43ed0ff3</td></tr>
</table><p>
</body>
</html>