<?xml version="1.0" encoding="UTF-8"?>
<!-- Generated by org.testng.reporters.JUnitXMLReporter -->
<testsuite hostname="DESKTOP-58P6EJL" name="Hub Spot Functional Regression Test - chrome" tests="6" failures="1" timestamp="16 May 2020 10:38:29 GMT" time="77.098" errors="0">
  <testcase name="homePageTitleTest" time="1.949" classname="com.qa.hubspot.tests.HomePageTest"/>
  <testcase name="verifyHeader_Test" time="9.82" classname="com.qa.hubspot.tests.HomePageTest">
    <failure type="java.lang.AssertionError" message="expected [Marketing Dashboard] but found [Sales Dashboard]">
      <![CDATA[java.lang.AssertionError: expected [Marketing Dashboard] but found [Sales Dashboard]
	at com.qa.hubspot.tests.HomePageTest.verifyHeader_Test(HomePageTest.java:76)
	at java.util.concurrent.ThreadPoolExecutor.runWorker(ThreadPoolExecutor.java:1149)
	at java.util.concurrent.ThreadPoolExecutor$Worker.run(ThreadPoolExecutor.java:624)
	at java.lang.Thread.run(Thread.java:748)
... Removed 16 stack frames]]>
    </failure>
  </testcase> <!-- verifyHeader_Test -->
  <testcase name="checkCreatDashbtn_Test" time="1.336" classname="com.qa.hubspot.tests.HomePageTest"/>
  <testcase name="verifyLoginPageTitle_test" time="9.793" classname="com.qa.hubspot.tests.LoginPageTest"/>
  <testcase name="goToContactpage_test" time="12.397" classname="com.qa.hubspot.tests.HomePageTest"/>
  <testcase name="doLogin_Test" time="23.897" classname="com.qa.hubspot.tests.LoginPageTest"/>
</testsuite> <!-- Hub Spot Functional Regression Test - chrome -->
