<?xml version="1.0" encoding="UTF-8"?>
<testng-results skipped="0" failed="1" total="9" passed="8">
  <reporter-output>
  </reporter-output>
  <suite name="Hub Spot Regression Suite" duration-ms="161635" started-at="2020-05-24T23:47:45Z" finished-at="2020-05-24T23:50:26Z">
    <groups>
    </groups>
    <test name="Hub Spot Functional Regression Test - chrome" duration-ms="100161" started-at="2020-05-24T23:47:45Z" finished-at="2020-05-24T23:49:25Z">
      <class name="com.qa.hubspot.tests.LoginPageTest">
        <test-method status="PASS" signature="setUp(java.lang.String)[pri:0, instance:com.qa.hubspot.tests.LoginPageTest@43ed0ff3]" name="setUp" is-config="true" duration-ms="10682" started-at="2020-05-25T01:48:19Z" finished-at="2020-05-25T01:48:29Z">
          <params>
            <param index="0">
              <value>
                <![CDATA[chrome]]>
              </value>
            </param>
          </params>
          <reporter-output>
          </reporter-output>
        </test-method> <!-- setUp -->
        <test-method status="PASS" signature="setUp(java.lang.String)[pri:0, instance:com.qa.hubspot.tests.LoginPageTest@43ed0ff3]" name="setUp" is-config="true" duration-ms="10569" started-at="2020-05-25T01:48:20Z" finished-at="2020-05-25T01:48:30Z">
          <params>
            <param index="0">
              <value>
                <![CDATA[chrome]]>
              </value>
            </param>
          </params>
          <reporter-output>
          </reporter-output>
        </test-method> <!-- setUp -->
        <test-method status="PASS" signature="verifyLoginPageTitle_test()[pri:1, instance:com.qa.hubspot.tests.LoginPageTest@43ed0ff3]" name="verifyLoginPageTitle_test" duration-ms="17873" started-at="2020-05-25T01:48:29Z" description="verify LoginPageTitle_test " finished-at="2020-05-25T01:48:47Z">
          <reporter-output>
          </reporter-output>
        </test-method> <!-- verifyLoginPageTitle_test -->
        <test-method status="PASS" signature="setUp(java.lang.String)[pri:0, instance:com.qa.hubspot.tests.LoginPageTest@43ed0ff3]" name="setUp" is-config="true" duration-ms="19093" started-at="2020-05-25T01:48:32Z" finished-at="2020-05-25T01:48:51Z">
          <params>
            <param index="0">
              <value>
                <![CDATA[chrome]]>
              </value>
            </param>
          </params>
          <reporter-output>
          </reporter-output>
        </test-method> <!-- setUp -->
        <test-method status="PASS" signature="teardown()[pri:0, instance:com.qa.hubspot.tests.LoginPageTest@43ed0ff3]" name="teardown" is-config="true" duration-ms="7467" started-at="2020-05-25T01:48:47Z" finished-at="2020-05-25T01:48:55Z">
          <reporter-output>
          </reporter-output>
        </test-method> <!-- teardown -->
        <test-method status="PASS" signature="doLogin_Test()[pri:4, instance:com.qa.hubspot.tests.LoginPageTest@43ed0ff3]" name="doLogin_Test" duration-ms="26927" started-at="2020-05-25T01:48:51Z" description="login test with correct username and correct password..." finished-at="2020-05-25T01:49:18Z">
          <reporter-output>
          </reporter-output>
        </test-method> <!-- doLogin_Test -->
        <test-method status="PASS" signature="teardown()[pri:0, instance:com.qa.hubspot.tests.LoginPageTest@43ed0ff3]" name="teardown" is-config="true" duration-ms="2615" started-at="2020-05-25T01:49:18Z" finished-at="2020-05-25T01:49:21Z">
          <reporter-output>
          </reporter-output>
        </test-method> <!-- teardown -->
      </class> <!-- com.qa.hubspot.tests.LoginPageTest -->
      <class name="com.qa.hubspot.tests.HomePageTest">
        <test-method status="PASS" signature="setUp()[pri:0, instance:com.qa.hubspot.tests.HomePageTest@6de54b40]" name="setUp" is-config="true" duration-ms="33032" started-at="2020-05-25T01:47:46Z" finished-at="2020-05-25T01:48:19Z">
          <reporter-output>
          </reporter-output>
        </test-method> <!-- setUp -->
        <test-method status="PASS" signature="homePageTitleTest()[pri:1, instance:com.qa.hubspot.tests.HomePageTest@6de54b40]" name="homePageTitleTest" duration-ms="911" started-at="2020-05-25T01:48:19Z" finished-at="2020-05-25T01:48:20Z">
          <reporter-output>
          </reporter-output>
        </test-method> <!-- homePageTitleTest -->
        <test-method status="FAIL" signature="verifyHeader_Test()[pri:2, instance:com.qa.hubspot.tests.HomePageTest@6de54b40]" name="verifyHeader_Test" duration-ms="7919" started-at="2020-05-25T01:48:20Z" finished-at="2020-05-25T01:48:28Z">
          <exception class="java.lang.AssertionError">
            <message>
              <![CDATA[expected [Marketing Dashboard] but found [Sales Dashboard]]]>
            </message>
            <full-stacktrace>
              <![CDATA[java.lang.AssertionError: expected [Marketing Dashboard] but found [Sales Dashboard]
	at org.testng.Assert.fail(Assert.java:94)
	at org.testng.Assert.failNotEquals(Assert.java:513)
	at org.testng.Assert.assertEqualsImpl(Assert.java:135)
	at org.testng.Assert.assertEquals(Assert.java:116)
	at org.testng.Assert.assertEquals(Assert.java:190)
	at org.testng.Assert.assertEquals(Assert.java:200)
	at com.qa.hubspot.tests.HomePageTest.verifyHeader_Test(HomePageTest.java:76)
	at sun.reflect.NativeMethodAccessorImpl.invoke0(Native Method)
	at sun.reflect.NativeMethodAccessorImpl.invoke(NativeMethodAccessorImpl.java:62)
	at sun.reflect.DelegatingMethodAccessorImpl.invoke(DelegatingMethodAccessorImpl.java:43)
	at java.lang.reflect.Method.invoke(Method.java:498)
	at org.testng.internal.MethodInvocationHelper.invokeMethod(MethodInvocationHelper.java:100)
	at org.testng.internal.Invoker.invokeMethod(Invoker.java:646)
	at org.testng.internal.Invoker.invokeTestMethod(Invoker.java:811)
	at org.testng.internal.Invoker.invokeTestMethods(Invoker.java:1129)
	at org.testng.internal.TestMethodWorker.invokeTestMethods(TestMethodWorker.java:129)
	at org.testng.internal.TestMethodWorker.run(TestMethodWorker.java:112)
	at java.util.concurrent.ThreadPoolExecutor.runWorker(ThreadPoolExecutor.java:1149)
	at java.util.concurrent.ThreadPoolExecutor$Worker.run(ThreadPoolExecutor.java:624)
	at java.lang.Thread.run(Thread.java:748)
]]>
            </full-stacktrace>
          </exception> <!-- java.lang.AssertionError -->
          <reporter-output>
          </reporter-output>
        </test-method> <!-- verifyHeader_Test -->
        <test-method status="PASS" signature="checkCreatDashbtn_Test()[pri:3, instance:com.qa.hubspot.tests.HomePageTest@6de54b40]" name="checkCreatDashbtn_Test" duration-ms="4229" started-at="2020-05-25T01:48:28Z" finished-at="2020-05-25T01:48:32Z">
          <reporter-output>
          </reporter-output>
        </test-method> <!-- checkCreatDashbtn_Test -->
        <test-method status="PASS" signature="goToContactpage_test()[pri:4, instance:com.qa.hubspot.tests.HomePageTest@6de54b40]" name="goToContactpage_test" duration-ms="13308" started-at="2020-05-25T01:48:55Z" finished-at="2020-05-25T01:49:08Z">
          <reporter-output>
          </reporter-output>
        </test-method> <!-- goToContactpage_test -->
        <test-method status="PASS" signature="tearDown()[pri:0, instance:com.qa.hubspot.tests.HomePageTest@6de54b40]" name="tearDown" is-config="true" duration-ms="4381" started-at="2020-05-25T01:49:21Z" finished-at="2020-05-25T01:49:25Z">
          <reporter-output>
          </reporter-output>
        </test-method> <!-- tearDown -->
      </class> <!-- com.qa.hubspot.tests.HomePageTest -->
    </test> <!-- Hub Spot Functional Regression Test - chrome -->
    <test name="Hub Spot Functional Regression Test - firefox" duration-ms="161628" started-at="2020-05-24T23:47:45Z" finished-at="2020-05-24T23:50:26Z">
      <class name="com.qa.hubspot.tests.LoginPageTest">
        <test-method status="PASS" signature="setUp(java.lang.String)[pri:0, instance:com.qa.hubspot.tests.LoginPageTest@59a67c3a]" name="setUp" is-config="true" duration-ms="57320" started-at="2020-05-25T01:47:46Z" finished-at="2020-05-25T01:48:43Z">
          <params>
            <param index="0">
              <value>
                <![CDATA[firefox]]>
              </value>
            </param>
          </params>
          <reporter-output>
          </reporter-output>
        </test-method> <!-- setUp -->
        <test-method status="PASS" signature="verifyLoginPageTitle_test()[pri:1, instance:com.qa.hubspot.tests.LoginPageTest@59a67c3a]" name="verifyLoginPageTitle_test" duration-ms="2029" started-at="2020-05-25T01:48:43Z" description="verify LoginPageTitle_test " finished-at="2020-05-25T01:48:45Z">
          <reporter-output>
          </reporter-output>
        </test-method> <!-- verifyLoginPageTitle_test -->
        <test-method status="PASS" signature="teardown()[pri:0, instance:com.qa.hubspot.tests.LoginPageTest@59a67c3a]" name="teardown" is-config="true" duration-ms="20314" started-at="2020-05-25T01:48:45Z" finished-at="2020-05-25T01:49:05Z">
          <reporter-output>
          </reporter-output>
        </test-method> <!-- teardown -->
        <test-method status="PASS" signature="setUp(java.lang.String)[pri:0, instance:com.qa.hubspot.tests.LoginPageTest@59a67c3a]" name="setUp" is-config="true" duration-ms="25976" started-at="2020-05-25T01:49:05Z" finished-at="2020-05-25T01:49:31Z">
          <params>
            <param index="0">
              <value>
                <![CDATA[firefox]]>
              </value>
            </param>
          </params>
          <reporter-output>
          </reporter-output>
        </test-method> <!-- setUp -->
        <test-method status="PASS" signature="checkSignuplink_Test()[pri:2, instance:com.qa.hubspot.tests.LoginPageTest@59a67c3a]" name="checkSignuplink_Test" duration-ms="7952" started-at="2020-05-25T01:49:31Z" finished-at="2020-05-25T01:49:39Z">
          <reporter-output>
          </reporter-output>
        </test-method> <!-- checkSignuplink_Test -->
        <test-method status="PASS" signature="teardown()[pri:0, instance:com.qa.hubspot.tests.LoginPageTest@59a67c3a]" name="teardown" is-config="true" duration-ms="9434" started-at="2020-05-25T01:49:39Z" finished-at="2020-05-25T01:49:49Z">
          <reporter-output>
          </reporter-output>
        </test-method> <!-- teardown -->
        <test-method status="PASS" signature="setUp(java.lang.String)[pri:0, instance:com.qa.hubspot.tests.LoginPageTest@59a67c3a]" name="setUp" is-config="true" duration-ms="8824" started-at="2020-05-25T01:49:49Z" finished-at="2020-05-25T01:49:58Z">
          <params>
            <param index="0">
              <value>
                <![CDATA[firefox]]>
              </value>
            </param>
          </params>
          <reporter-output>
          </reporter-output>
        </test-method> <!-- setUp -->
        <test-method status="PASS" signature="doLogin_Test()[pri:4, instance:com.qa.hubspot.tests.LoginPageTest@59a67c3a]" name="doLogin_Test" duration-ms="17515" started-at="2020-05-25T01:49:58Z" description="login test with correct username and correct password..." finished-at="2020-05-25T01:50:15Z">
          <reporter-output>
          </reporter-output>
        </test-method> <!-- doLogin_Test -->
        <test-method status="PASS" signature="teardown()[pri:0, instance:com.qa.hubspot.tests.LoginPageTest@59a67c3a]" name="teardown" is-config="true" duration-ms="11357" started-at="2020-05-25T01:50:15Z" finished-at="2020-05-25T01:50:26Z">
          <reporter-output>
          </reporter-output>
        </test-method> <!-- teardown -->
      </class> <!-- com.qa.hubspot.tests.LoginPageTest -->
    </test> <!-- Hub Spot Functional Regression Test - firefox -->
  </suite> <!-- Hub Spot Regression Suite -->
</testng-results>
